This file contains any messages produced by compilers while
running configure, to aid debugging if configure makes a mistake.

It was created by GNU FriBidi configure 0.19.4, which was
generated by GNU Autoconf 2.65.  Invocation command line was

  $ ./configure 

## --------- ##
## Platform. ##
## --------- ##

hostname = Labiko
uname -m = i686
uname -r = 3.2.0-32-generic-pae
uname -s = Linux
uname -v = #51-Ubuntu SMP Wed Sep 26 21:54:23 UTC 2012

/usr/bin/uname -p = unknown
/bin/uname -X     = unknown

/bin/arch              = unknown
/usr/bin/arch -k       = unknown
/usr/convex/getsysinfo = unknown
/usr/bin/hostinfo      = unknown
/bin/machine           = unknown
/usr/bin/oslevel       = unknown
/bin/universe          = unknown

PATH: /usr/lib/lightdm/lightdm
PATH: /usr/local/sbin
PATH: /usr/local/bin
PATH: /usr/sbin
PATH: /usr/bin
PATH: /sbin
PATH: /bin
PATH: /usr/games
PATH: /home/ykahn/tizen-sdk/tools


## ----------- ##
## Core tests. ##
## ----------- ##

configure:2577: checking for a BSD-compatible install
configure:2645: result: /usr/bin/install -c
configure:2656: checking whether build environment is sane
configure:2706: result: yes
configure:2847: checking for a thread-safe mkdir -p
configure:2886: result: /bin/mkdir -p
configure:2899: checking for gawk
configure:2929: result: no
configure:2899: checking for mawk
configure:2915: found /usr/bin/mawk
configure:2926: result: mawk
configure:2937: checking whether make sets $(MAKE)
configure:2959: result: yes
configure:3074: checking build system type
configure:3088: result: i686-pc-linux-gnu
configure:3108: checking host system type
configure:3121: result: i686-pc-linux-gnu
configure:3153: checking for style of include used by make
configure:3181: result: GNU
configure:3251: checking for gcc
configure:3267: found /usr/bin/gcc
configure:3278: result: gcc
configure:3507: checking for C compiler version
configure:3516: gcc --version >&5
gcc (Ubuntu/Linaro 4.6.3-1ubuntu5) 4.6.3
Copyright (C) 2011 Free Software Foundation, Inc.
This is free software; see the source for copying conditions.  There is NO
warranty; not even for MERCHANTABILITY or FITNESS FOR A PARTICULAR PURPOSE.

configure:3527: $? = 0
configure:3516: gcc -v >&5
Using built-in specs.
COLLECT_GCC=gcc
COLLECT_LTO_WRAPPER=/usr/lib/gcc/i686-linux-gnu/4.6/lto-wrapper
Target: i686-linux-gnu
Configured with: ../src/configure -v --with-pkgversion='Ubuntu/Linaro 4.6.3-1ubuntu5' --with-bugurl=file:///usr/share/doc/gcc-4.6/README.Bugs --enable-languages=c,c++,fortran,objc,obj-c++ --prefix=/usr --program-suffix=-4.6 --enable-shared --enable-linker-build-id --with-system-zlib --libexecdir=/usr/lib --without-included-gettext --enable-threads=posix --with-gxx-include-dir=/usr/include/c++/4.6 --libdir=/usr/lib --enable-nls --with-sysroot=/ --enable-clocale=gnu --enable-libstdcxx-debug --enable-libstdcxx-time=yes --enable-gnu-unique-object --enable-plugin --enable-objc-gc --enable-targets=all --disable-werror --with-arch-32=i686 --with-tune=generic --enable-checking=release --build=i686-linux-gnu --host=i686-linux-gnu --target=i686-linux-gnu
Thread model: posix
gcc version 4.6.3 (Ubuntu/Linaro 4.6.3-1ubuntu5) 
configure:3527: $? = 0
configure:3516: gcc -V >&5
gcc: error: unrecognized option '-V'
gcc: fatal error: no input files
compilation terminated.
configure:3527: $? = 4
configure:3516: gcc -qversion >&5
gcc: error: unrecognized option '-qversion'
gcc: fatal error: no input files
compilation terminated.
configure:3527: $? = 4
configure:3547: checking whether the C compiler works
configure:3569: gcc    conftest.c  >&5
configure:3573: $? = 0
configure:3622: result: yes
configure:3625: checking for C compiler default output file name
configure:3627: result: a.out
configure:3633: checking for suffix of executables
configure:3640: gcc -o conftest    conftest.c  >&5
configure:3644: $? = 0
configure:3666: result: 
configure:3688: checking whether we are cross compiling
configure:3696: gcc -o conftest    conftest.c  >&5
configure:3700: $? = 0
configure:3707: ./conftest
configure:3711: $? = 0
configure:3726: result: no
configure:3731: checking for suffix of object files
configure:3753: gcc -c   conftest.c >&5
configure:3757: $? = 0
configure:3778: result: o
configure:3782: checking whether we are using the GNU C compiler
configure:3801: gcc -c   conftest.c >&5
configure:3801: $? = 0
configure:3810: result: yes
configure:3819: checking whether gcc accepts -g
configure:3839: gcc -c -g  conftest.c >&5
configure:3839: $? = 0
configure:3880: result: yes
configure:3897: checking for gcc option to accept ISO C89
configure:3961: gcc  -c -g -O2  conftest.c >&5
configure:3961: $? = 0
configure:3974: result: none needed
configure:3996: checking dependency style of gcc
configure:4106: result: gcc3
configure:4121: checking for a sed that does not truncate output
configure:4185: result: /bin/sed
configure:4203: checking for grep that handles long lines and -e
configure:4261: result: /bin/grep
configure:4266: checking for egrep
configure:4328: result: /bin/grep -E
configure:4333: checking for fgrep
configure:4395: result: /bin/grep -F
configure:4430: checking for ld used by gcc
configure:4497: result: /usr/bin/ld
configure:4504: checking if the linker (/usr/bin/ld) is GNU ld
configure:4519: result: yes
configure:4531: checking for BSD- or MS-compatible name lister (nm)
configure:4580: result: /usr/bin/nm -B
configure:4698: checking the name lister (/usr/bin/nm -B) interface
configure:4705: gcc -c -g -O2  conftest.c >&5
configure:4708: /usr/bin/nm -B "conftest.o"
configure:4711: output
00000000 B some_variable
configure:4718: result: BSD nm
configure:4721: checking whether ln -s works
configure:4725: result: yes
configure:4733: checking the maximum length of command line arguments
configure:4853: result: 1572864
configure:4870: checking whether the shell understands some XSI constructs
configure:4880: result: yes
configure:4884: checking whether the shell understands "+="
configure:4890: result: yes
configure:4925: checking for /usr/bin/ld option to reload object files
configure:4932: result: -r
configure:5001: checking for objdump
configure:5017: found /usr/bin/objdump
configure:5028: result: objdump
configure:5060: checking how to recognize dependent libraries
configure:5256: result: pass_all
configure:5316: checking for ar
configure:5332: found /usr/bin/ar
configure:5343: result: ar
configure:5421: checking for strip
configure:5437: found /usr/bin/strip
configure:5448: result: strip
configure:5520: checking for ranlib
configure:5536: found /usr/bin/ranlib
configure:5547: result: ranlib
configure:5637: checking command to parse /usr/bin/nm -B output from gcc object
configure:5755: gcc -c -g -O2  conftest.c >&5
configure:5758: $? = 0
configure:5762: /usr/bin/nm -B conftest.o \| sed -n -e 's/^.*[	 ]\([ABCDGIRSTW][ABCDGIRSTW]*\)[	 ][	 ]*\([_A-Za-z][_A-Za-z0-9]*\)$/\1 \2 \2/p' \> conftest.nm
configure:5765: $? = 0
configure:5819: gcc -o conftest -g -O2   conftest.c conftstm.o >&5
configure:5822: $? = 0
configure:5860: result: ok
configure:6669: checking how to run the C preprocessor
configure:6700: gcc -E  conftest.c
configure:6700: $? = 0
configure:6714: gcc -E  conftest.c
conftest.c:9:28: fatal error: ac_nonexistent.h: No such file or directory
compilation terminated.
configure:6714: $? = 1
configure: failed program was:
| /* confdefs.h */
| #define PACKAGE_NAME "GNU FriBidi"
| #define PACKAGE_TARNAME "fribidi"
| #define PACKAGE_VERSION "0.19.4"
| #define PACKAGE_STRING "GNU FriBidi 0.19.4"
| #define PACKAGE_BUGREPORT "http://bugs.freedesktop.org/enter_bug.cgi?product=fribidi"
| #define PACKAGE_URL "http://fribidi.org/"
| /* end confdefs.h.  */
| #include <ac_nonexistent.h>
configure:6739: result: gcc -E
configure:6759: gcc -E  conftest.c
configure:6759: $? = 0
configure:6773: gcc -E  conftest.c
conftest.c:9:28: fatal error: ac_nonexistent.h: No such file or directory
compilation terminated.
configure:6773: $? = 1
configure: failed program was:
| /* confdefs.h */
| #define PACKAGE_NAME "GNU FriBidi"
| #define PACKAGE_TARNAME "fribidi"
| #define PACKAGE_VERSION "0.19.4"
| #define PACKAGE_STRING "GNU FriBidi 0.19.4"
| #define PACKAGE_BUGREPORT "http://bugs.freedesktop.org/enter_bug.cgi?product=fribidi"
| #define PACKAGE_URL "http://fribidi.org/"
| /* end confdefs.h.  */
| #include <ac_nonexistent.h>
configure:6802: checking for ANSI C header files
configure:6822: gcc -c -g -O2  conftest.c >&5
configure:6822: $? = 0
configure:6895: gcc -o conftest -g -O2   conftest.c  >&5
configure:6895: $? = 0
configure:6895: ./conftest
configure:6895: $? = 0
configure:6906: result: yes
configure:6919: checking for sys/types.h
configure:6919: gcc -c -g -O2  conftest.c >&5
configure:6919: $? = 0
configure:6919: result: yes
configure:6919: checking for sys/stat.h
configure:6919: gcc -c -g -O2  conftest.c >&5
configure:6919: $? = 0
configure:6919: result: yes
configure:6919: checking for stdlib.h
configure:6919: gcc -c -g -O2  conftest.c >&5
configure:6919: $? = 0
configure:6919: result: yes
configure:6919: checking for string.h
configure:6919: gcc -c -g -O2  conftest.c >&5
configure:6919: $? = 0
configure:6919: result: yes
configure:6919: checking for memory.h
configure:6919: gcc -c -g -O2  conftest.c >&5
configure:6919: $? = 0
configure:6919: result: yes
configure:6919: checking for strings.h
configure:6919: gcc -c -g -O2  conftest.c >&5
configure:6919: $? = 0
configure:6919: result: yes
configure:6919: checking for inttypes.h
configure:6919: gcc -c -g -O2  conftest.c >&5
configure:6919: $? = 0
configure:6919: result: yes
configure:6919: checking for stdint.h
configure:6919: gcc -c -g -O2  conftest.c >&5
configure:6919: $? = 0
configure:6919: result: yes
configure:6919: checking for unistd.h
configure:6919: gcc -c -g -O2  conftest.c >&5
configure:6919: $? = 0
configure:6919: result: yes
configure:6934: checking for dlfcn.h
configure:6934: gcc -c -g -O2  conftest.c >&5
configure:6934: $? = 0
configure:6934: result: yes
configure:7117: checking for objdir
configure:7132: result: .libs
configure:7424: checking if gcc supports -fno-rtti -fno-exceptions
configure:7442: gcc -c -g -O2  -fno-rtti -fno-exceptions conftest.c >&5
cc1: warning: command line option '-fno-rtti' is valid for C++/ObjC++ but not for C [enabled by default]
configure:7446: $? = 0
configure:7459: result: no
configure:7479: checking for gcc option to produce PIC
configure:7751: result: -fPIC -DPIC
configure:7763: checking if gcc PIC flag -fPIC -DPIC works
configure:7781: gcc -c -g -O2  -fPIC -DPIC -DPIC conftest.c >&5
configure:7785: $? = 0
configure:7798: result: yes
configure:7822: checking if gcc static flag -static works
configure:7850: result: yes
configure:7865: checking if gcc supports -c -o file.o
configure:7886: gcc -c -g -O2  -o out/conftest2.o conftest.c >&5
configure:7890: $? = 0
configure:7912: result: yes
configure:7920: checking if gcc supports -c -o file.o
configure:7967: result: yes
configure:8000: checking whether the gcc linker (/usr/bin/ld) supports shared libraries
configure:8991: result: yes
configure:9028: checking whether -lc should be explicitly linked in
configure:9033: gcc -c -g -O2  conftest.c >&5
configure:9036: $? = 0
configure:9051: gcc -shared conftest.o  -v -Wl,-soname -Wl,conftest -o conftest 2\>\&1 \| /bin/grep  -lc  \>/dev/null 2\>\&1
configure:9054: $? = 0
configure:9066: result: no
configure:9230: checking dynamic linker characteristics
configure:9663: gcc -o conftest -g -O2   -Wl,-rpath -Wl,/foo conftest.c  >&5
configure:9663: $? = 0
configure:9893: result: GNU/Linux ld.so
configure:9995: checking how to hardcode library paths into programs
configure:10020: result: immediate
configure:10540: checking whether stripping libraries is possible
configure:10545: result: yes
configure:10580: checking if libtool supports shared libraries
configure:10582: result: yes
configure:10585: checking whether to build shared libraries
configure:10606: result: yes
configure:10609: checking whether to build static libraries
configure:10613: result: no
configure:10721: checking for gcc
configure:10748: result: gcc
configure:10977: checking for C compiler version
configure:10986: gcc --version >&5
gcc (Ubuntu/Linaro 4.6.3-1ubuntu5) 4.6.3
Copyright (C) 2011 Free Software Foundation, Inc.
This is free software; see the source for copying conditions.  There is NO
warranty; not even for MERCHANTABILITY or FITNESS FOR A PARTICULAR PURPOSE.

configure:10997: $? = 0
configure:10986: gcc -v >&5
Using built-in specs.
COLLECT_GCC=gcc
COLLECT_LTO_WRAPPER=/usr/lib/gcc/i686-linux-gnu/4.6/lto-wrapper
Target: i686-linux-gnu
Configured with: ../src/configure -v --with-pkgversion='Ubuntu/Linaro 4.6.3-1ubuntu5' --with-bugurl=file:///usr/share/doc/gcc-4.6/README.Bugs --enable-languages=c,c++,fortran,objc,obj-c++ --prefix=/usr --program-suffix=-4.6 --enable-shared --enable-linker-build-id --with-system-zlib --libexecdir=/usr/lib --without-included-gettext --enable-threads=posix --with-gxx-include-dir=/usr/include/c++/4.6 --libdir=/usr/lib --enable-nls --with-sysroot=/ --enable-clocale=gnu --enable-libstdcxx-debug --enable-libstdcxx-time=yes --enable-gnu-unique-object --enable-plugin --enable-objc-gc --enable-targets=all --disable-werror --with-arch-32=i686 --with-tune=generic --enable-checking=release --build=i686-linux-gnu --host=i686-linux-gnu --target=i686-linux-gnu
Thread model: posix
gcc version 4.6.3 (Ubuntu/Linaro 4.6.3-1ubuntu5) 
configure:10997: $? = 0
configure:10986: gcc -V >&5
gcc: error: unrecognized option '-V'
gcc: fatal error: no input files
compilation terminated.
configure:10997: $? = 4
configure:10986: gcc -qversion >&5
gcc: error: unrecognized option '-qversion'
gcc: fatal error: no input files
compilation terminated.
configure:10997: $? = 4
configure:11001: checking whether we are using the GNU C compiler
configure:11029: result: yes
configure:11038: checking whether gcc accepts -g
configure:11099: result: yes
configure:11116: checking for gcc option to accept ISO C89
configure:11193: result: none needed
configure:11215: checking dependency style of gcc
configure:11325: result: gcc3
configure:11341: checking for native Win32
configure:11347: result: no
configure:11357: checking for some Win32 platform
configure:11363: result: no
configure:11376: checking for ANSI C header files
configure:11480: result: yes
configure:11491: checking for stdlib.h
configure:11491: result: yes
configure:11491: checking for string.h
configure:11491: result: yes
configure:11491: checking for strings.h
configure:11491: result: yes
configure:11491: checking for inttypes.h
configure:11491: result: yes
configure:11491: checking wchar.h usability
configure:11491: gcc -c -g -O2  conftest.c >&5
configure:11491: $? = 0
configure:11491: result: yes
configure:11491: checking wchar.h presence
configure:11491: gcc -E  conftest.c
configure:11491: $? = 0
configure:11491: result: yes
configure:11491: checking for wchar.h
configure:11491: result: yes
configure:11491: checking asm/page.h usability
configure:11491: gcc -c -g -O2  conftest.c >&5
conftest.c:60:22: fatal error: asm/page.h: No such file or directory
compilation terminated.
configure:11491: $? = 1
configure: failed program was:
| /* confdefs.h */
| #define PACKAGE_NAME "GNU FriBidi"
| #define PACKAGE_TARNAME "fribidi"
| #define PACKAGE_VERSION "0.19.4"
| #define PACKAGE_STRING "GNU FriBidi 0.19.4"
| #define PACKAGE_BUGREPORT "http://bugs.freedesktop.org/enter_bug.cgi?product=fribidi"
| #define PACKAGE_URL "http://fribidi.org/"
| #define STDC_HEADERS 1
| #define HAVE_SYS_TYPES_H 1
| #define HAVE_SYS_STAT_H 1
| #define HAVE_STDLIB_H 1
| #define HAVE_STRING_H 1
| #define HAVE_MEMORY_H 1
| #define HAVE_STRINGS_H 1
| #define HAVE_INTTYPES_H 1
| #define HAVE_STDINT_H 1
| #define HAVE_UNISTD_H 1
| #define HAVE_DLFCN_H 1
| #define LT_OBJDIR ".libs/"
| #define STDC_HEADERS 1
| #define HAVE_STDLIB_H 1
| #define HAVE_STRING_H 1
| #define HAVE_STRINGS_H 1
| #define HAVE_INTTYPES_H 1
| #define HAVE_WCHAR_H 1
| /* end confdefs.h.  */
| #include <stdio.h>
| #ifdef HAVE_SYS_TYPES_H
| # include <sys/types.h>
| #endif
| #ifdef HAVE_SYS_STAT_H
| # include <sys/stat.h>
| #endif
| #ifdef STDC_HEADERS
| # include <stdlib.h>
| # include <stddef.h>
| #else
| # ifdef HAVE_STDLIB_H
| #  include <stdlib.h>
| # endif
| #endif
| #ifdef HAVE_STRING_H
| # if !defined STDC_HEADERS && defined HAVE_MEMORY_H
| #  include <memory.h>
| # endif
| # include <string.h>
| #endif
| #ifdef HAVE_STRINGS_H
| # include <strings.h>
| #endif
| #ifdef HAVE_INTTYPES_H
| # include <inttypes.h>
| #endif
| #ifdef HAVE_STDINT_H
| # include <stdint.h>
| #endif
| #ifdef HAVE_UNISTD_H
| # include <unistd.h>
| #endif
| #include <asm/page.h>
configure:11491: result: no
configure:11491: checking asm/page.h presence
configure:11491: gcc -E  conftest.c
conftest.c:27:22: fatal error: asm/page.h: No such file or directory
compilation terminated.
configure:11491: $? = 1
configure: failed program was:
| /* confdefs.h */
| #define PACKAGE_NAME "GNU FriBidi"
| #define PACKAGE_TARNAME "fribidi"
| #define PACKAGE_VERSION "0.19.4"
| #define PACKAGE_STRING "GNU FriBidi 0.19.4"
| #define PACKAGE_BUGREPORT "http://bugs.freedesktop.org/enter_bug.cgi?product=fribidi"
| #define PACKAGE_URL "http://fribidi.org/"
| #define STDC_HEADERS 1
| #define HAVE_SYS_TYPES_H 1
| #define HAVE_SYS_STAT_H 1
| #define HAVE_STDLIB_H 1
| #define HAVE_STRING_H 1
| #define HAVE_MEMORY_H 1
| #define HAVE_STRINGS_H 1
| #define HAVE_INTTYPES_H 1
| #define HAVE_STDINT_H 1
| #define HAVE_UNISTD_H 1
| #define HAVE_DLFCN_H 1
| #define LT_OBJDIR ".libs/"
| #define STDC_HEADERS 1
| #define HAVE_STDLIB_H 1
| #define HAVE_STRING_H 1
| #define HAVE_STRINGS_H 1
| #define HAVE_INTTYPES_H 1
| #define HAVE_WCHAR_H 1
| /* end confdefs.h.  */
| #include <asm/page.h>
configure:11491: result: no
configure:11491: checking for asm/page.h
configure:11491: result: no
configure:11491: checking sys/times.h usability
configure:11491: gcc -c -g -O2  conftest.c >&5
configure:11491: $? = 0
configure:11491: result: yes
configure:11491: checking sys/times.h presence
configure:11491: gcc -E  conftest.c
configure:11491: $? = 0
configure:11491: result: yes
configure:11491: checking for sys/times.h
configure:11491: result: yes
configure:11504: checking for an ANSI C-conforming const
configure:11569: gcc -c -g -O2  conftest.c >&5
configure:11569: $? = 0
configure:11576: result: yes
configure:11584: checking for preprocessor stringizing operator
configure:11604: result: yes
configure:11616: checking size of int
configure:11621: gcc -o conftest -g -O2   conftest.c  >&5
configure:11621: $? = 0
configure:11621: ./conftest
configure:11621: $? = 0
configure:11636: result: 4
configure:11652: checking size of short
configure:11657: gcc -o conftest -g -O2   conftest.c  >&5
configure:11657: $? = 0
configure:11657: ./conftest
configure:11657: $? = 0
configure:11672: result: 2
configure:11686: checking size of void *
configure:11691: gcc -o conftest -g -O2   conftest.c  >&5
configure:11691: $? = 0
configure:11691: ./conftest
configure:11691: $? = 0
configure:11706: result: 4
configure:11720: checking size of wchar_t
configure:11725: gcc -o conftest -g -O2   conftest.c  >&5
configure:11725: $? = 0
configure:11725: ./conftest
configure:11725: $? = 0
configure:11740: result: 4
configure:11760: checking for memmove
configure:11760: gcc -o conftest -g -O2 -Wall -ansi    conftest.c  >&5
conftest.c:56:6: warning: conflicting types for built-in function 'memmove' [enabled by default]
configure:11760: $? = 0
configure:11760: result: yes
configure:11760: checking for memset
configure:11760: gcc -o conftest -g -O2 -Wall -ansi    conftest.c  >&5
conftest.c:57:6: warning: conflicting types for built-in function 'memset' [enabled by default]
configure:11760: $? = 0
configure:11760: result: yes
configure:11760: checking for strdup
configure:11760: gcc -o conftest -g -O2 -Wall -ansi    conftest.c  >&5
configure:11760: $? = 0
configure:11760: result: yes
configure:11770: checking return type of signal handlers
configure:11788: gcc -c -g -O2 -Wall -ansi   conftest.c >&5
conftest.c: In function 'main':
conftest.c:42:1: error: void value not ignored as it ought to be
configure:11788: $? = 1
configure: failed program was:
| /* confdefs.h */
| #define PACKAGE_NAME "GNU FriBidi"
| #define PACKAGE_TARNAME "fribidi"
| #define PACKAGE_VERSION "0.19.4"
| #define PACKAGE_STRING "GNU FriBidi 0.19.4"
| #define PACKAGE_BUGREPORT "http://bugs.freedesktop.org/enter_bug.cgi?product=fribidi"
| #define PACKAGE_URL "http://fribidi.org/"
| #define STDC_HEADERS 1
| #define HAVE_SYS_TYPES_H 1
| #define HAVE_SYS_STAT_H 1
| #define HAVE_STDLIB_H 1
| #define HAVE_STRING_H 1
| #define HAVE_MEMORY_H 1
| #define HAVE_STRINGS_H 1
| #define HAVE_INTTYPES_H 1
| #define HAVE_STDINT_H 1
| #define HAVE_UNISTD_H 1
| #define HAVE_DLFCN_H 1
| #define LT_OBJDIR ".libs/"
| #define STDC_HEADERS 1
| #define HAVE_STDLIB_H 1
| #define HAVE_STRING_H 1
| #define HAVE_STRINGS_H 1
| #define HAVE_INTTYPES_H 1
| #define HAVE_WCHAR_H 1
| #define HAVE_SYS_TIMES_H 1
| #define HAVE_STRINGIZE 1
| #define SIZEOF_INT 4
| #define SIZEOF_SHORT 2
| #define SIZEOF_VOID_P 4
| #define SIZEOF_WCHAR_T 4
| #define HAVE_MEMMOVE 1
| #define HAVE_MEMSET 1
| #define HAVE_STRDUP 1
| /* end confdefs.h.  */
| #include <sys/types.h>
| #include <signal.h>
| 
| int
| main ()
| {
| return *(signal (0, 0)) (0) == 1;
|   ;
|   return 0;
| }
configure:11795: result: void
configure:12092: checking for GLIB
configure:12325: creating ./config.status

## ---------------------- ##
## Running config.status. ##
## ---------------------- ##

This file was extended by GNU FriBidi config.status 0.19.4, which was
generated by GNU Autoconf 2.65.  Invocation command line was

  CONFIG_FILES    = 
  CONFIG_HEADERS  = 
  CONFIG_LINKS    = 
  CONFIG_COMMANDS = 
  $ ./config.status 

on Labiko

config.status:1116: creating fribidi.pc
config.status:1116: creating lib/fribidi-config.h
config.status:1116: creating Makefile
config.status:1116: creating charset/Makefile
config.status:1116: creating gen.tab/Makefile
config.status:1116: creating lib/Makefile
config.status:1116: creating bin/Makefile
config.status:1116: creating doc/Makefile
config.status:1116: creating test/Makefile
config.status:1116: creating config.h
config.status:1336: executing depfiles commands
config.status:1336: executing libtool commands

## ---------------- ##
## Cache variables. ##
## ---------------- ##

ac_cv_build=i686-pc-linux-gnu
ac_cv_c_compiler_gnu=yes
ac_cv_c_const=yes
ac_cv_c_stringize=yes
ac_cv_env_CC_set=
ac_cv_env_CC_value=
ac_cv_env_CFLAGS_set=
ac_cv_env_CFLAGS_value=
ac_cv_env_CPPFLAGS_set=
ac_cv_env_CPPFLAGS_value=
ac_cv_env_CPP_set=
ac_cv_env_CPP_value=
ac_cv_env_GLIB_CFLAGS_set=
ac_cv_env_GLIB_CFLAGS_value=
ac_cv_env_GLIB_LIBS_set=
ac_cv_env_GLIB_LIBS_value=
ac_cv_env_LDFLAGS_set=
ac_cv_env_LDFLAGS_value=
ac_cv_env_LIBS_set=
ac_cv_env_LIBS_value=
ac_cv_env_PKG_CONFIG_set=
ac_cv_env_PKG_CONFIG_value=
ac_cv_env_build_alias_set=
ac_cv_env_build_alias_value=
ac_cv_env_host_alias_set=
ac_cv_env_host_alias_value=
ac_cv_env_target_alias_set=
ac_cv_env_target_alias_value=
ac_cv_func_memmove=yes
ac_cv_func_memset=yes
ac_cv_func_strdup=yes
ac_cv_header_asm_page_h=no
ac_cv_header_dlfcn_h=yes
ac_cv_header_inttypes_h=yes
ac_cv_header_memory_h=yes
ac_cv_header_stdc=yes
ac_cv_header_stdint_h=yes
ac_cv_header_stdlib_h=yes
ac_cv_header_string_h=yes
ac_cv_header_strings_h=yes
ac_cv_header_sys_stat_h=yes
ac_cv_header_sys_times_h=yes
ac_cv_header_sys_types_h=yes
ac_cv_header_unistd_h=yes
ac_cv_header_wchar_h=yes
ac_cv_host=i686-pc-linux-gnu
ac_cv_objext=o
ac_cv_path_EGREP='/bin/grep -E'
ac_cv_path_FGREP='/bin/grep -F'
ac_cv_path_GREP=/bin/grep
ac_cv_path_SED=/bin/sed
ac_cv_path_install='/usr/bin/install -c'
ac_cv_path_mkdir=/bin/mkdir
ac_cv_prog_AWK=mawk
ac_cv_prog_CPP='gcc -E'
ac_cv_prog_ac_ct_AR=ar
ac_cv_prog_ac_ct_CC=gcc
ac_cv_prog_ac_ct_OBJDUMP=objdump
ac_cv_prog_ac_ct_RANLIB=ranlib
ac_cv_prog_ac_ct_STRIP=strip
ac_cv_prog_cc_c89=
ac_cv_prog_cc_g=yes
ac_cv_prog_make_make_set=yes
ac_cv_sizeof_int=4
ac_cv_sizeof_short=2
ac_cv_sizeof_void_p=4
ac_cv_sizeof_wchar_t=4
ac_cv_type_signal=void
am_cv_CC_dependencies_compiler_type=gcc3
lt_cv_deplibs_check_method=pass_all
lt_cv_file_magic_cmd='$MAGIC_CMD'
lt_cv_file_magic_test_file=
lt_cv_ld_reload_flag=-r
lt_cv_nm_interface='BSD nm'
lt_cv_objdir=.libs
lt_cv_path_LD=/usr/bin/ld
lt_cv_path_NM='/usr/bin/nm -B'
lt_cv_prog_compiler_c_o=yes
lt_cv_prog_compiler_pic_works=yes
lt_cv_prog_compiler_rtti_exceptions=no
lt_cv_prog_compiler_static_works=yes
lt_cv_prog_gnu_ld=yes
lt_cv_sys_global_symbol_pipe='sed -n -e '\''s/^.*[	 ]\([ABCDGIRSTW][ABCDGIRSTW]*\)[	 ][	 ]*\([_A-Za-z][_A-Za-z0-9]*\)$/\1 \2 \2/p'\'''
lt_cv_sys_global_symbol_to_c_name_address='sed -n -e '\''s/^: \([^ ]*\) $/  {\"\1\", (void *) 0},/p'\'' -e '\''s/^[ABCDGIRSTW]* \([^ ]*\) \([^ ]*\)$/  {"\2", (void *) \&\2},/p'\'''
lt_cv_sys_global_symbol_to_c_name_address_lib_prefix='sed -n -e '\''s/^: \([^ ]*\) $/  {\"\1\", (void *) 0},/p'\'' -e '\''s/^[ABCDGIRSTW]* \([^ ]*\) \(lib[^ ]*\)$/  {"\2", (void *) \&\2},/p'\'' -e '\''s/^[ABCDGIRSTW]* \([^ ]*\) \([^ ]*\)$/  {"lib\2", (void *) \&\2},/p'\'''
lt_cv_sys_global_symbol_to_cdecl='sed -n -e '\''s/^T .* \(.*\)$/extern int \1();/p'\'' -e '\''s/^[ABCDGIRSTW]* .* \(.*\)$/extern char \1;/p'\'''
lt_cv_sys_max_cmd_len=1572864

## ----------------- ##
## Output variables. ##
## ----------------- ##

ACLOCAL='${SHELL} /home/ykahn/다운로드/fribidi-0.19.4/missing --run aclocal-1.11'
AMDEPBACKSLASH='\'
AMDEP_FALSE='#'
AMDEP_TRUE=''
AMTAR='${SHELL} /home/ykahn/다운로드/fribidi-0.19.4/missing --run tar'
AM_BACKSLASH='\'
AM_DEFAULT_VERBOSITY='0'
AR='ar'
AUTOCONF='${SHELL} /home/ykahn/다운로드/fribidi-0.19.4/missing --run autoconf'
AUTOHEADER='${SHELL} /home/ykahn/다운로드/fribidi-0.19.4/missing --run autoheader'
AUTOMAKE='${SHELL} /home/ykahn/다운로드/fribidi-0.19.4/missing --run automake-1.11'
AWK='mawk'
CC='gcc'
CCDEPMODE='depmode=gcc3'
CFLAGS='-g -O2 -Wall -ansi '
CPP='gcc -E'
CPPFLAGS=''
CYGPATH_W='echo'
DEFS='-DHAVE_CONFIG_H'
DEPDIR='.deps'
DSYMUTIL=''
DUMPBIN=''
ECHO_C=''
ECHO_N='-n'
ECHO_T=''
EGREP='/bin/grep -E'
EXEEXT=''
FGREP='/bin/grep -F'
FRIBIDI_BINARY_AGE='3'
FRIBIDI_CHARSETS='1'
FRIBIDI_CHARSETS_FALSE='#'
FRIBIDI_CHARSETS_TRUE=''
FRIBIDI_INTERFACE_AGE='3'
FRIBIDI_INTERFACE_VERSION='3'
FRIBIDI_MAJOR_VERSION='0'
FRIBIDI_MICRO_VERSION='4'
FRIBIDI_MINOR_VERSION='19'
FRIBIDI_NO_DEPRECATED='0'
FRIBIDI_USE_GLIB='0'
FRIBIDI_USE_GLIB_FALSE=''
FRIBIDI_USE_GLIB_TRUE='#'
FRIBIDI_VERSION='0.19.4'
GLIB_CFLAGS=''
GLIB_LIBS=''
GREP='/bin/grep'
INSTALL_DATA='${INSTALL} -m 644'
INSTALL_PROGRAM='${INSTALL}'
INSTALL_SCRIPT='${INSTALL}'
INSTALL_STRIP_PROGRAM='$(install_sh) -c -s'
LD='/usr/bin/ld'
LDFLAGS=''
LIBOBJS=''
LIBS=''
LIBTOOL='$(SHELL) $(top_builddir)/libtool'
LIPO=''
LN_S='ln -s'
LTLIBOBJS=''
LT_CURRENT_MINUS_AGE='0'
LT_VERSION_INFO='3:3:3'
MAKEINFO='${SHELL} /home/ykahn/다운로드/fribidi-0.19.4/missing --run makeinfo'
MISC_CFLAGS=''
MISC_LIBS=''
MISC_PACKAGES=''
MKDIR_P='/bin/mkdir -p'
NM='/usr/bin/nm -B'
NMEDIT=''
OBJDUMP='objdump'
OBJEXT='o'
OS_WIN32_FALSE=''
OS_WIN32_TRUE='#'
OTOOL64=''
OTOOL=''
PACKAGE='fribidi'
PACKAGE_BUGREPORT='http://bugs.freedesktop.org/enter_bug.cgi?product=fribidi'
PACKAGE_NAME='GNU FriBidi'
PACKAGE_STRING='GNU FriBidi 0.19.4'
PACKAGE_TARNAME='fribidi'
PACKAGE_URL='http://fribidi.org/'
PACKAGE_VERSION='0.19.4'
PATH_SEPARATOR=':'
PKG_CONFIG=''
PLATFORM_WIN32_FALSE=''
PLATFORM_WIN32_TRUE='#'
RANLIB='ranlib'
SED='/bin/sed'
SET_MAKE=''
SHELL='/bin/bash'
SIZEOF_INT='4'
STRIP='strip'
VERSION='0.19.4'
ac_ct_CC='gcc'
ac_ct_DUMPBIN=''
am__EXEEXT_FALSE=''
am__EXEEXT_TRUE='#'
am__fastdepCC_FALSE='#'
am__fastdepCC_TRUE=''
am__include='include'
am__isrc=''
am__leading_dot='.'
am__quote=''
am__tar='${AMTAR} chof - "$$tardir"'
am__untar='${AMTAR} xf -'
bindir='${exec_prefix}/bin'
build='i686-pc-linux-gnu'
build_alias=''
build_cpu='i686'
build_os='linux-gnu'
build_vendor='pc'
datadir='${datarootdir}'
datarootdir='${prefix}/share'
docdir='${datarootdir}/doc/${PACKAGE_TARNAME}'
dvidir='${docdir}'
exec_prefix='${prefix}'
host='i686-pc-linux-gnu'
host_alias=''
host_cpu='i686'
host_os='linux-gnu'
host_vendor='pc'
htmldir='${docdir}'
includedir='${prefix}/include'
infodir='${datarootdir}/info'
install_sh='${SHELL} /home/ykahn/다운로드/fribidi-0.19.4/install-sh'
libdir='${exec_prefix}/lib'
libexecdir='${exec_prefix}/libexec'
localedir='${datarootdir}/locale'
localstatedir='${prefix}/var'
lt_ECHO='echo'
mandir='${datarootdir}/man'
mkdir_p='/bin/mkdir -p'
oldincludedir='/usr/include'
pdfdir='${docdir}'
prefix='/usr/local'
program_transform_name='s,x,x,'
psdir='${docdir}'
sbindir='${exec_prefix}/sbin'
sharedstatedir='${prefix}/com'
sysconfdir='${prefix}/etc'
target_alias=''

## ----------- ##
## confdefs.h. ##
## ----------- ##

/* confdefs.h */
#define PACKAGE_NAME "GNU FriBidi"
#define PACKAGE_TARNAME "fribidi"
#define PACKAGE_VERSION "0.19.4"
#define PACKAGE_STRING "GNU FriBidi 0.19.4"
#define PACKAGE_BUGREPORT "http://bugs.freedesktop.org/enter_bug.cgi?product=fribidi"
#define PACKAGE_URL "http://fribidi.org/"
#define STDC_HEADERS 1
#define HAVE_SYS_TYPES_H 1
#define HAVE_SYS_STAT_H 1
#define HAVE_STDLIB_H 1
#define HAVE_STRING_H 1
#define HAVE_MEMORY_H 1
#define HAVE_STRINGS_H 1
#define HAVE_INTTYPES_H 1
#define HAVE_STDINT_H 1
#define HAVE_UNISTD_H 1
#define HAVE_DLFCN_H 1
#define LT_OBJDIR ".libs/"
#define STDC_HEADERS 1
#define HAVE_STDLIB_H 1
#define HAVE_STRING_H 1
#define HAVE_STRINGS_H 1
#define HAVE_INTTYPES_H 1
#define HAVE_WCHAR_H 1
#define HAVE_SYS_TIMES_H 1
#define HAVE_STRINGIZE 1
#define SIZEOF_INT 4
#define SIZEOF_SHORT 2
#define SIZEOF_VOID_P 4
#define SIZEOF_WCHAR_T 4
#define HAVE_MEMMOVE 1
#define HAVE_MEMSET 1
#define HAVE_STRDUP 1
#define RETSIGTYPE void
#define DEBUG 1

configure: exit 0
