This file contains any messages produced by compilers while
running configure, to aid debugging if configure makes a mistake.

It was created by HarfBuzz configure 0.9.19, which was
generated by GNU Autoconf 2.68.  Invocation command line was

  $ ./configure 

## --------- ##
## Platform. ##
## --------- ##

hostname = DO-YKAHN03
uname -m = i686
uname -r = 1.7.17(0.262/5/3)
uname -s = CYGWIN_NT-6.1
uname -v = 2012-10-19 14:39

/usr/bin/uname -p = unknown
/bin/uname -X     = unknown

/bin/arch              = i686
/usr/bin/arch -k       = unknown
/usr/convex/getsysinfo = unknown
/usr/bin/hostinfo      = unknown
/bin/machine           = unknown
/usr/bin/oslevel       = unknown
/bin/universe          = unknown

PATH: /usr/local/bin
PATH: /usr/bin
PATH: /cygdrive/c/DevEnv/RBTools
PATH: /cygdrive/c/Windows/system32
PATH: /cygdrive/c/Windows
PATH: /cygdrive/c/Windows/System32/Wbem
PATH: /cygdrive/c/Windows/System32/WindowsPowerShell/v1.0
PATH: /cygdrive/c/DevEnv/cygwin/1_5_25/bin
PATH: /cygdrive/c/Program Files/Java/jdk1.6.0_22/bin
PATH: /cygdrive/d/_Android_SDK/android-ndk-r7
PATH: /cygdrive/c/msysgit/msysgit/bin
PATH: /cygdrive/c/msysgit/msysgit/mingw/bin
PATH: /usr/lib/lapack
PATH: /cygdrive/d/_Android_SDK/android-ndk-r8b


## ----------- ##
## Core tests. ##
## ----------- ##

configure:2551: checking for a BSD-compatible install
configure:2619: result: /usr/bin/install -c
configure:2630: checking whether build environment is sane
configure:2685: result: yes
configure:2836: checking for a thread-safe mkdir -p
configure:2875: result: /usr/bin/mkdir -p
configure:2882: checking for gawk
configure:2898: found /usr/bin/gawk
configure:2909: result: gawk
configure:2920: checking whether make sets $(MAKE)
configure:2942: result: yes
configure:3030: checking whether make supports nested variables
configure:3047: result: yes
configure:3072: checking for style of include used by make
configure:3100: result: GNU
configure:3171: checking for gcc
configure:3187: found /usr/bin/gcc
configure:3198: result: gcc
configure:3427: checking for C compiler version
configure:3436: gcc --version >&5
gcc (GCC) 4.5.3
Copyright (C) 2010 Free Software Foundation, Inc.
This is free software; see the source for copying conditions.  There is NO
warranty; not even for MERCHANTABILITY or FITNESS FOR A PARTICULAR PURPOSE.

configure:3447: $? = 0
configure:3436: gcc -v >&5
Using built-in specs.
COLLECT_GCC=gcc
COLLECT_LTO_WRAPPER=/usr/lib/gcc/i686-pc-cygwin/4.5.3/lto-wrapper.exe
Target: i686-pc-cygwin
Configured with: /gnu/gcc/releases/respins/4.5.3-3/gcc4-4.5.3-3/src/gcc-4.5.3/configure --srcdir=/gnu/gcc/releases/respins/4.5.3-3/gcc4-4.5.3-3/src/gcc-4.5.3 --prefix=/usr --exec-prefix=/usr --bindir=/usr/bin --sbindir=/usr/sbin --libexecdir=/usr/lib --datadir=/usr/share --localstatedir=/var --sysconfdir=/etc --datarootdir=/usr/share --docdir=/usr/share/doc/gcc4 -C --datadir=/usr/share --infodir=/usr/share/info --mandir=/usr/share/man -v --with-gmp=/usr --with-mpfr=/usr --enable-bootstrap --enable-version-specific-runtime-libs --libexecdir=/usr/lib --enable-static --enable-shared --enable-shared-libgcc --disable-__cxa_atexit --with-gnu-ld --with-gnu-as --with-dwarf2 --disable-sjlj-exceptions --enable-languages=ada,c,c++,fortran,java,lto,objc,obj-c++ --enable-graphite --enable-lto --enable-java-awt=gtk --disable-symvers --enable-libjava --program-suffix=-4 --enable-libgomp --enable-libssp --enable-libada --enable-threads=posix --with-arch=i686 --with-tune=generic --enable-libgcj-sublibs CC=gcc-4 CXX=g++-4 CC_FOR_TARGET=gcc-4 CXX_FOR_TARGET=g++-4 GNATMAKE_FOR_TARGET=gnatmake GNATBIND_FOR_TARGET=gnatbind --with-ecj-jar=/usr/share/java/ecj.jar
Thread model: posix
gcc version 4.5.3 (GCC) 
configure:3447: $? = 0
configure:3436: gcc -V >&5
gcc: '-V' option must have argument
configure:3447: $? = 1
configure:3436: gcc -qversion >&5
gcc: unrecognized option '-qversion'
gcc: no input files
configure:3447: $? = 1
configure:3467: checking whether the C compiler works
configure:3489: gcc    conftest.c  >&5
configure:3493: $? = 0
configure:3541: result: yes
configure:3544: checking for C compiler default output file name
configure:3546: result: a.exe
configure:3552: checking for suffix of executables
configure:3559: gcc -o conftest.exe    conftest.c  >&5
configure:3563: $? = 0
configure:3585: result: .exe
configure:3607: checking whether we are cross compiling
configure:3615: gcc -o conftest.exe    conftest.c  >&5
configure:3619: $? = 0
configure:3626: ./conftest.exe
configure:3630: $? = 0
configure:3645: result: no
configure:3650: checking for suffix of object files
configure:3672: gcc -c   conftest.c >&5
configure:3676: $? = 0
configure:3697: result: o
configure:3701: checking whether we are using the GNU C compiler
configure:3720: gcc -c   conftest.c >&5
configure:3720: $? = 0
configure:3729: result: yes
configure:3738: checking whether gcc accepts -g
configure:3758: gcc -c -g  conftest.c >&5
configure:3758: $? = 0
configure:3799: result: yes
configure:3816: checking for gcc option to accept ISO C89
configure:3880: gcc  -c -g -O2  conftest.c >&5
configure:3880: $? = 0
configure:3893: result: none needed
configure:3915: checking dependency style of gcc
configure:4026: result: gcc3
configure:4091: checking for ar
configure:4107: found /usr/bin/ar
configure:4118: result: ar
configure:4144: checking the archiver (ar) interface
configure:4154: gcc -c -g -O2  conftest.c >&5
configure:4154: $? = 0
configure:4156: ar cru libconftest.a conftest.o >&5
configure:4159: $? = 0
configure:4182: result: ar
configure:4232: checking build system type
configure:4246: result: i686-pc-cygwin
configure:4266: checking host system type
configure:4279: result: i686-pc-cygwin
configure:4320: checking how to print strings
configure:4347: result: printf
configure:4368: checking for a sed that does not truncate output
configure:4432: result: /usr/bin/sed
configure:4450: checking for grep that handles long lines and -e
configure:4508: result: /usr/bin/grep
configure:4513: checking for egrep
configure:4575: result: /usr/bin/grep -E
configure:4580: checking for fgrep
configure:4642: result: /usr/bin/grep -F
configure:4677: checking for ld used by gcc
configure:4744: result: /usr/i686-pc-cygwin/bin/ld.exe
configure:4751: checking if the linker (/usr/i686-pc-cygwin/bin/ld.exe) is GNU ld
configure:4766: result: yes
configure:4778: checking for BSD- or MS-compatible name lister (nm)
configure:4827: result: /usr/bin/nm -B
configure:4957: checking the name lister (/usr/bin/nm -B) interface
configure:4964: gcc -c -g -O2  conftest.c >&5
configure:4967: /usr/bin/nm -B "conftest.o"
configure:4970: output
00000000 b .bss
00000000 d .data
00000000 N .debug_abbrev
00000000 N .debug_info
00000000 N .debug_line
00000000 N .debug_pubnames
00000000 t .text
00000000 B _some_variable
configure:4977: result: BSD nm
configure:4980: checking whether ln -s works
configure:4984: result: yes
configure:4992: checking the maximum length of command line arguments
configure:5117: result: 8192
configure:5134: checking whether the shell understands some XSI constructs
configure:5144: result: yes
configure:5148: checking whether the shell understands "+="
configure:5154: result: yes
configure:5189: checking how to convert i686-pc-cygwin file names to i686-pc-cygwin format
configure:5229: result: func_convert_file_noop
configure:5236: checking how to convert i686-pc-cygwin file names to toolchain format
configure:5256: result: func_convert_file_noop
configure:5263: checking for /usr/i686-pc-cygwin/bin/ld.exe option to reload object files
configure:5270: result: -r
configure:5344: checking for objdump
configure:5360: found /usr/bin/objdump
configure:5371: result: objdump
configure:5403: checking how to recognize dependent libraries
configure:5605: result: file_magic ^x86 archive import|^x86 DLL
configure:5690: checking for dlltool
configure:5706: found /usr/bin/dlltool
configure:5717: result: dlltool
configure:5750: checking how to associate runtime and link libraries
configure:5777: result: func_cygming_dll_for_implib
configure:5901: checking for archiver @FILE support
configure:5918: gcc -c -g -O2  conftest.c >&5
configure:5918: $? = 0
configure:5921: ar cru libconftest.a @conftest.lst >&5
configure:5924: $? = 0
configure:5929: ar cru libconftest.a @conftest.lst >&5
ar: conftest.o: No such file or directory
configure:5932: $? = 1
configure:5944: result: @
configure:6002: checking for strip
configure:6018: found /usr/bin/strip
configure:6029: result: strip
configure:6101: checking for ranlib
configure:6117: found /usr/bin/ranlib
configure:6128: result: ranlib
configure:6230: checking command to parse /usr/bin/nm -B output from gcc object
configure:6349: gcc -c -g -O2  conftest.c >&5
configure:6352: $? = 0
configure:6356: /usr/bin/nm -B conftest.o \| sed -n -e 's/^.*[ ]\([ABCDGIRSTW][ABCDGIRSTW]*\)[ ][ ]*\([_A-Za-z][_A-Za-z0-9]*\)$/\1 \2 \2/p' | sed '/ __gnu_lto/d' \> conftest.nm
configure:6359: $? = 0
cannot find nm_test_var in conftest.nm
configure:6349: gcc -c -g -O2  conftest.c >&5
configure:6352: $? = 0
configure:6356: /usr/bin/nm -B conftest.o \| sed -n -e 's/^.*[ ]\([ABCDGIRSTW][ABCDGIRSTW]*\)[ ][ ]*_\([_A-Za-z][_A-Za-z0-9]*\)$/\1 _\2 \2/p' | sed '/ __gnu_lto/d' \> conftest.nm
configure:6359: $? = 0
configure:6425: gcc -o conftest.exe -g -O2   conftest.c conftstm.o >&5
configure:6428: $? = 0
configure:6466: result: ok
configure:6503: checking for sysroot
configure:6533: result: no
configure:6776: checking for mt
configure:6806: result: no
configure:6826: checking if : is a manifest tool
configure:6832: : '-?'
configure:6840: result: no
configure:7472: checking how to run the C preprocessor
configure:7503: gcc -E  conftest.c
configure:7503: $? = 0
configure:7517: gcc -E  conftest.c
conftest.c:9:28: fatal error: ac_nonexistent.h: No such file or directory
compilation terminated.
configure:7517: $? = 1
configure: failed program was:
| /* confdefs.h */
| #define PACKAGE_NAME "HarfBuzz"
| #define PACKAGE_TARNAME "harfbuzz"
| #define PACKAGE_VERSION "0.9.19"
| #define PACKAGE_STRING "HarfBuzz 0.9.19"
| #define PACKAGE_BUGREPORT "http://bugs.freedesktop.org/enter_bug.cgi?product=harfbuzz"
| #define PACKAGE_URL "http://harfbuzz.org/"
| /* end confdefs.h.  */
| #include <ac_nonexistent.h>
configure:7542: result: gcc -E
configure:7562: gcc -E  conftest.c
configure:7562: $? = 0
configure:7576: gcc -E  conftest.c
conftest.c:9:28: fatal error: ac_nonexistent.h: No such file or directory
compilation terminated.
configure:7576: $? = 1
configure: failed program was:
| /* confdefs.h */
| #define PACKAGE_NAME "HarfBuzz"
| #define PACKAGE_TARNAME "harfbuzz"
| #define PACKAGE_VERSION "0.9.19"
| #define PACKAGE_STRING "HarfBuzz 0.9.19"
| #define PACKAGE_BUGREPORT "http://bugs.freedesktop.org/enter_bug.cgi?product=harfbuzz"
| #define PACKAGE_URL "http://harfbuzz.org/"
| /* end confdefs.h.  */
| #include <ac_nonexistent.h>
configure:7605: checking for ANSI C header files
configure:7625: gcc -c -g -O2  conftest.c >&5
configure:7625: $? = 0
configure:7698: gcc -o conftest.exe -g -O2   conftest.c  >&5
configure:7698: $? = 0
configure:7698: ./conftest.exe
configure:7698: $? = 0
configure:7709: result: yes
configure:7722: checking for sys/types.h
configure:7722: gcc -c -g -O2  conftest.c >&5
configure:7722: $? = 0
configure:7722: result: yes
configure:7722: checking for sys/stat.h
configure:7722: gcc -c -g -O2  conftest.c >&5
configure:7722: $? = 0
configure:7722: result: yes
configure:7722: checking for stdlib.h
configure:7722: gcc -c -g -O2  conftest.c >&5
configure:7722: $? = 0
configure:7722: result: yes
configure:7722: checking for string.h
configure:7722: gcc -c -g -O2  conftest.c >&5
configure:7722: $? = 0
configure:7722: result: yes
configure:7722: checking for memory.h
configure:7722: gcc -c -g -O2  conftest.c >&5
configure:7722: $? = 0
configure:7722: result: yes
configure:7722: checking for strings.h
configure:7722: gcc -c -g -O2  conftest.c >&5
configure:7722: $? = 0
configure:7722: result: yes
configure:7722: checking for inttypes.h
configure:7722: gcc -c -g -O2  conftest.c >&5
configure:7722: $? = 0
configure:7722: result: yes
configure:7722: checking for stdint.h
configure:7722: gcc -c -g -O2  conftest.c >&5
configure:7722: $? = 0
configure:7722: result: yes
configure:7722: checking for unistd.h
configure:7722: gcc -c -g -O2  conftest.c >&5
configure:7722: $? = 0
configure:7722: result: yes
configure:7736: checking for dlfcn.h
configure:7736: gcc -c -g -O2  conftest.c >&5
configure:7736: $? = 0
configure:7736: result: yes
configure:7922: checking for objdir
configure:7937: result: .libs
configure:8208: checking if gcc supports -fno-rtti -fno-exceptions
configure:8226: gcc -c -g -O2  -fno-rtti -fno-exceptions conftest.c >&5
cc1: warning: command line option "-fno-rtti" is valid for C++/ObjC++ but not for C
configure:8230: $? = 0
configure:8243: result: no
configure:8553: checking for gcc option to produce PIC
configure:8560: result: -DDLL_EXPORT -DPIC
configure:8568: checking if gcc PIC flag -DDLL_EXPORT -DPIC works
configure:8586: gcc -c -g -O2  -DDLL_EXPORT -DPIC -DPIC conftest.c >&5
configure:8590: $? = 0
configure:8603: result: yes
configure:8632: checking if gcc static flag -static works
configure:8660: result: yes
configure:8675: checking if gcc supports -c -o file.o
configure:8696: gcc -c -g -O2  -o out/conftest2.o conftest.c >&5
configure:8700: $? = 0
configure:8722: result: yes
configure:8730: checking if gcc supports -c -o file.o
configure:8777: result: yes
configure:8810: checking whether the gcc linker (/usr/i686-pc-cygwin/bin/ld.exe) supports shared libraries
configure:9968: result: yes
configure:10005: checking whether -lc should be explicitly linked in
configure:10013: gcc -c -g -O2  conftest.c >&5
configure:10016: $? = 0
configure:10031: gcc -shared conftest.o  -v -o ./conftest -Wl,--enable-auto-image-base -Xlinker --out-implib -Xlinker conftest 2\>\&1 \| /usr/bin/grep  -lc  \>/dev/null 2\>\&1
configure:10034: $? = 1
configure:10048: result: yes
configure:10213: checking dynamic linker characteristics
configure:10949: result: Win32 ld.exe
configure:11056: checking how to hardcode library paths into programs
configure:11081: result: immediate
configure:11621: checking whether stripping libraries is possible
configure:11626: result: yes
configure:11661: checking if libtool supports shared libraries
configure:11663: result: yes
configure:11666: checking whether to build shared libraries
configure:11687: result: yes
configure:11690: checking whether to build static libraries
configure:11694: result: no
configure:11779: checking for gcc
configure:11806: result: gcc
configure:12035: checking for C compiler version
configure:12044: gcc --version >&5
gcc (GCC) 4.5.3
Copyright (C) 2010 Free Software Foundation, Inc.
This is free software; see the source for copying conditions.  There is NO
warranty; not even for MERCHANTABILITY or FITNESS FOR A PARTICULAR PURPOSE.

configure:12055: $? = 0
configure:12044: gcc -v >&5
Using built-in specs.
COLLECT_GCC=gcc
COLLECT_LTO_WRAPPER=/usr/lib/gcc/i686-pc-cygwin/4.5.3/lto-wrapper.exe
Target: i686-pc-cygwin
Configured with: /gnu/gcc/releases/respins/4.5.3-3/gcc4-4.5.3-3/src/gcc-4.5.3/configure --srcdir=/gnu/gcc/releases/respins/4.5.3-3/gcc4-4.5.3-3/src/gcc-4.5.3 --prefix=/usr --exec-prefix=/usr --bindir=/usr/bin --sbindir=/usr/sbin --libexecdir=/usr/lib --datadir=/usr/share --localstatedir=/var --sysconfdir=/etc --datarootdir=/usr/share --docdir=/usr/share/doc/gcc4 -C --datadir=/usr/share --infodir=/usr/share/info --mandir=/usr/share/man -v --with-gmp=/usr --with-mpfr=/usr --enable-bootstrap --enable-version-specific-runtime-libs --libexecdir=/usr/lib --enable-static --enable-shared --enable-shared-libgcc --disable-__cxa_atexit --with-gnu-ld --with-gnu-as --with-dwarf2 --disable-sjlj-exceptions --enable-languages=ada,c,c++,fortran,java,lto,objc,obj-c++ --enable-graphite --enable-lto --enable-java-awt=gtk --disable-symvers --enable-libjava --program-suffix=-4 --enable-libgomp --enable-libssp --enable-libada --enable-threads=posix --with-arch=i686 --with-tune=generic --enable-libgcj-sublibs CC=gcc-4 CXX=g++-4 CC_FOR_TARGET=gcc-4 CXX_FOR_TARGET=g++-4 GNATMAKE_FOR_TARGET=gnatmake GNATBIND_FOR_TARGET=gnatbind --with-ecj-jar=/usr/share/java/ecj.jar
Thread model: posix
gcc version 4.5.3 (GCC) 
configure:12055: $? = 0
configure:12044: gcc -V >&5
gcc: '-V' option must have argument
configure:12055: $? = 1
configure:12044: gcc -qversion >&5
gcc: unrecognized option '-qversion'
gcc: no input files
configure:12055: $? = 1
configure:12059: checking whether we are using the GNU C compiler
configure:12087: result: yes
configure:12096: checking whether gcc accepts -g
configure:12157: result: yes
configure:12174: checking for gcc option to accept ISO C89
configure:12251: result: none needed
configure:12273: checking dependency style of gcc
configure:12384: result: gcc3
configure:12400: checking whether gcc and cc understand -c and -o together
configure:12431: gcc -c conftest.c -o conftest2.o >&5
configure:12435: $? = 0
configure:12441: gcc -c conftest.c -o conftest2.o >&5
configure:12445: $? = 0
configure:12456: cc -c conftest.c >&5
configure:12460: $? = 0
configure:12468: cc -c conftest.c -o conftest2.o >&5
configure:12472: $? = 0
configure:12478: cc -c conftest.c -o conftest2.o >&5
configure:12482: $? = 0
configure:12500: result: yes
configure:12583: checking for g++
configure:12599: found /usr/bin/g++
configure:12610: result: g++
configure:12637: checking for C++ compiler version
configure:12646: g++ --version >&5
g++ (GCC) 4.5.3
Copyright (C) 2010 Free Software Foundation, Inc.
This is free software; see the source for copying conditions.  There is NO
warranty; not even for MERCHANTABILITY or FITNESS FOR A PARTICULAR PURPOSE.

configure:12657: $? = 0
configure:12646: g++ -v >&5
Using built-in specs.
COLLECT_GCC=g++
COLLECT_LTO_WRAPPER=/usr/lib/gcc/i686-pc-cygwin/4.5.3/lto-wrapper.exe
Target: i686-pc-cygwin
Configured with: /gnu/gcc/releases/respins/4.5.3-3/gcc4-4.5.3-3/src/gcc-4.5.3/configure --srcdir=/gnu/gcc/releases/respins/4.5.3-3/gcc4-4.5.3-3/src/gcc-4.5.3 --prefix=/usr --exec-prefix=/usr --bindir=/usr/bin --sbindir=/usr/sbin --libexecdir=/usr/lib --datadir=/usr/share --localstatedir=/var --sysconfdir=/etc --datarootdir=/usr/share --docdir=/usr/share/doc/gcc4 -C --datadir=/usr/share --infodir=/usr/share/info --mandir=/usr/share/man -v --with-gmp=/usr --with-mpfr=/usr --enable-bootstrap --enable-version-specific-runtime-libs --libexecdir=/usr/lib --enable-static --enable-shared --enable-shared-libgcc --disable-__cxa_atexit --with-gnu-ld --with-gnu-as --with-dwarf2 --disable-sjlj-exceptions --enable-languages=ada,c,c++,fortran,java,lto,objc,obj-c++ --enable-graphite --enable-lto --enable-java-awt=gtk --disable-symvers --enable-libjava --program-suffix=-4 --enable-libgomp --enable-libssp --enable-libada --enable-threads=posix --with-arch=i686 --with-tune=generic --enable-libgcj-sublibs CC=gcc-4 CXX=g++-4 CC_FOR_TARGET=gcc-4 CXX_FOR_TARGET=g++-4 GNATMAKE_FOR_TARGET=gnatmake GNATBIND_FOR_TARGET=gnatbind --with-ecj-jar=/usr/share/java/ecj.jar
Thread model: posix
gcc version 4.5.3 (GCC) 
configure:12657: $? = 0
configure:12646: g++ -V >&5
g++: '-V' option must have argument
configure:12657: $? = 1
configure:12646: g++ -qversion >&5
g++: unrecognized option '-qversion'
g++: no input files
configure:12657: $? = 1
configure:12661: checking whether we are using the GNU C++ compiler
configure:12680: g++ -c   conftest.cpp >&5
configure:12680: $? = 0
configure:12689: result: yes
configure:12698: checking whether g++ accepts -g
configure:12718: g++ -c -g  conftest.cpp >&5
configure:12718: $? = 0
configure:12759: result: yes
configure:12784: checking dependency style of g++
configure:12895: result: gcc3
configure:12928: checking how to run the C++ preprocessor
configure:12955: g++ -E  conftest.cpp
configure:12955: $? = 0
configure:12969: g++ -E  conftest.cpp
conftest.cpp:21:28: fatal error: ac_nonexistent.h: No such file or directory
compilation terminated.
configure:12969: $? = 1
configure: failed program was:
| /* confdefs.h */
| #define PACKAGE_NAME "HarfBuzz"
| #define PACKAGE_TARNAME "harfbuzz"
| #define PACKAGE_VERSION "0.9.19"
| #define PACKAGE_STRING "HarfBuzz 0.9.19"
| #define PACKAGE_BUGREPORT "http://bugs.freedesktop.org/enter_bug.cgi?product=harfbuzz"
| #define PACKAGE_URL "http://harfbuzz.org/"
| #define STDC_HEADERS 1
| #define HAVE_SYS_TYPES_H 1
| #define HAVE_SYS_STAT_H 1
| #define HAVE_STDLIB_H 1
| #define HAVE_STRING_H 1
| #define HAVE_MEMORY_H 1
| #define HAVE_STRINGS_H 1
| #define HAVE_INTTYPES_H 1
| #define HAVE_STDINT_H 1
| #define HAVE_UNISTD_H 1
| #define HAVE_DLFCN_H 1
| #define LT_OBJDIR ".libs/"
| /* end confdefs.h.  */
| #include <ac_nonexistent.h>
configure:12994: result: g++ -E
configure:13014: g++ -E  conftest.cpp
configure:13014: $? = 0
configure:13028: g++ -E  conftest.cpp
conftest.cpp:21:28: fatal error: ac_nonexistent.h: No such file or directory
compilation terminated.
configure:13028: $? = 1
configure: failed program was:
| /* confdefs.h */
| #define PACKAGE_NAME "HarfBuzz"
| #define PACKAGE_TARNAME "harfbuzz"
| #define PACKAGE_VERSION "0.9.19"
| #define PACKAGE_STRING "HarfBuzz 0.9.19"
| #define PACKAGE_BUGREPORT "http://bugs.freedesktop.org/enter_bug.cgi?product=harfbuzz"
| #define PACKAGE_URL "http://harfbuzz.org/"
| #define STDC_HEADERS 1
| #define HAVE_SYS_TYPES_H 1
| #define HAVE_SYS_STAT_H 1
| #define HAVE_STDLIB_H 1
| #define HAVE_STRING_H 1
| #define HAVE_MEMORY_H 1
| #define HAVE_STRINGS_H 1
| #define HAVE_INTTYPES_H 1
| #define HAVE_STDINT_H 1
| #define HAVE_UNISTD_H 1
| #define HAVE_DLFCN_H 1
| #define LT_OBJDIR ".libs/"
| /* end confdefs.h.  */
| #include <ac_nonexistent.h>
configure:13198: checking for ld used by g++
configure:13265: result: /usr/i686-pc-cygwin/bin/ld.exe
configure:13272: checking if the linker (/usr/i686-pc-cygwin/bin/ld.exe) is GNU ld
configure:13287: result: yes
configure:13342: checking whether the g++ linker (/usr/i686-pc-cygwin/bin/ld.exe) supports shared libraries
configure:14346: result: yes
configure:14381: g++ -c -g -O2  conftest.cpp >&5
configure:14384: $? = 0
configure:14904: checking for g++ option to produce PIC
configure:14911: result: -DDLL_EXPORT -DPIC
configure:14919: checking if g++ PIC flag -DDLL_EXPORT -DPIC works
configure:14937: g++ -c -g -O2  -DDLL_EXPORT -DPIC -DPIC conftest.cpp >&5
configure:14941: $? = 0
configure:14954: result: yes
configure:14977: checking if g++ static flag -static works
configure:15005: result: yes
configure:15017: checking if g++ supports -c -o file.o
configure:15038: g++ -c -g -O2  -o out/conftest2.o conftest.cpp >&5
configure:15042: $? = 0
configure:15064: result: yes
configure:15069: checking if g++ supports -c -o file.o
configure:15116: result: yes
configure:15146: checking whether the g++ linker (/usr/i686-pc-cygwin/bin/ld.exe) supports shared libraries
configure:15180: result: yes
configure:15323: checking dynamic linker characteristics
configure:15993: result: Win32 ld.exe
configure:16046: checking how to hardcode library paths into programs
configure:16071: result: immediate
configure:16160: checking for pkg-config
configure:16178: found /usr/bin/pkg-config
configure:16190: result: /usr/bin/pkg-config
configure:16215: checking pkg-config is at least version 0.20
configure:16218: result: yes
configure:16255: checking for atexit
configure:16255: gcc -o conftest.exe -g -O2   conftest.c  >&5
configure:16255: $? = 0
configure:16255: result: yes
configure:16255: checking for mprotect
configure:16255: gcc -o conftest.exe -g -O2   conftest.c  >&5
configure:16255: $? = 0
configure:16255: result: yes
configure:16255: checking for sysconf
configure:16255: gcc -o conftest.exe -g -O2   conftest.c  >&5
configure:16255: $? = 0
configure:16255: result: yes
configure:16255: checking for getpagesize
configure:16255: gcc -o conftest.exe -g -O2   conftest.c  >&5
configure:16255: $? = 0
configure:16255: result: yes
configure:16255: checking for mmap
configure:16255: gcc -o conftest.exe -g -O2   conftest.c  >&5
configure:16255: $? = 0
configure:16255: result: yes
configure:16255: checking for isatty
configure:16255: gcc -o conftest.exe -g -O2   conftest.c  >&5
configure:16255: $? = 0
configure:16255: result: yes
configure:16267: checking for unistd.h
configure:16267: result: yes
configure:16267: checking sys/mman.h usability
configure:16267: gcc -c -g -O2  conftest.c >&5
configure:16267: $? = 0
configure:16267: result: yes
configure:16267: checking sys/mman.h presence
configure:16267: gcc -E  conftest.c
configure:16267: $? = 0
configure:16267: result: yes
configure:16267: checking for sys/mman.h
configure:16267: result: yes
configure:16318: checking for native Win32
configure:16325: result: no
configure:16506: checking for the pthreads library -lpthreads
configure:16544: gcc -o conftest.exe -g -O2    -Bsymbolic-functions conftest.c -lpthreads  >&5
/usr/lib/gcc/i686-pc-cygwin/4.5.3/../../../../i686-pc-cygwin/bin/ld: cannot find -lpthreads
collect2: ld returned 1 exit status
configure:16544: $? = 1
configure: failed program was:
| /* confdefs.h */
| #define PACKAGE_NAME "HarfBuzz"
| #define PACKAGE_TARNAME "harfbuzz"
| #define PACKAGE_VERSION "0.9.19"
| #define PACKAGE_STRING "HarfBuzz 0.9.19"
| #define PACKAGE_BUGREPORT "http://bugs.freedesktop.org/enter_bug.cgi?product=harfbuzz"
| #define PACKAGE_URL "http://harfbuzz.org/"
| #define STDC_HEADERS 1
| #define HAVE_SYS_TYPES_H 1
| #define HAVE_SYS_STAT_H 1
| #define HAVE_STDLIB_H 1
| #define HAVE_STRING_H 1
| #define HAVE_MEMORY_H 1
| #define HAVE_STRINGS_H 1
| #define HAVE_INTTYPES_H 1
| #define HAVE_STDINT_H 1
| #define HAVE_UNISTD_H 1
| #define HAVE_DLFCN_H 1
| #define LT_OBJDIR ".libs/"
| #define HAVE_ATEXIT 1
| #define HAVE_MPROTECT 1
| #define HAVE_SYSCONF 1
| #define HAVE_GETPAGESIZE 1
| #define HAVE_MMAP 1
| #define HAVE_ISATTY 1
| #define HAVE_UNISTD_H 1
| #define HAVE_SYS_MMAN_H 1
| /* end confdefs.h.  */
| #include <pthread.h>
|                         static void routine(void *a) { a = 0; }
|                         static void *start_routine(void *a) { return a; }
| int
| main ()
| {
| pthread_t th; pthread_attr_t attr;
|                         pthread_create(&th, 0, start_routine, 0);
|                         pthread_join(th, 0);
|                         pthread_attr_init(&attr);
|                         pthread_cleanup_push(routine, 0);
|                         pthread_cleanup_pop(0) /* ; */
|   ;
|   return 0;
| }
configure:16553: result: no
configure:16451: checking whether pthreads work without any flags
configure:16544: gcc -o conftest.exe -g -O2    -Bsymbolic-functions conftest.c   >&5
configure:16544: $? = 0
configure:16553: result: yes
configure:16572: checking for joinable pthread attribute
configure:16587: gcc -o conftest.exe -g -O2    -Bsymbolic-functions conftest.c   >&5
configure:16587: $? = 0
configure:16593: result: PTHREAD_CREATE_JOINABLE
configure:16603: checking if more special flags are required for pthreads
configure:16617: result: no
configure:16623: checking for PTHREAD_PRIO_INHERIT
configure:16641: gcc -o conftest.exe -g -O2    -Bsymbolic-functions conftest.c   >&5
conftest.c: In function 'main':
conftest.c:34:9: error: 'PTHREAD_PRIO_INHERIT' undeclared (first use in this function)
conftest.c:34:9: note: each undeclared identifier is reported only once for each function it appears in
configure:16641: $? = 1
configure: failed program was:
| /* confdefs.h */
| #define PACKAGE_NAME "HarfBuzz"
| #define PACKAGE_TARNAME "harfbuzz"
| #define PACKAGE_VERSION "0.9.19"
| #define PACKAGE_STRING "HarfBuzz 0.9.19"
| #define PACKAGE_BUGREPORT "http://bugs.freedesktop.org/enter_bug.cgi?product=harfbuzz"
| #define PACKAGE_URL "http://harfbuzz.org/"
| #define STDC_HEADERS 1
| #define HAVE_SYS_TYPES_H 1
| #define HAVE_SYS_STAT_H 1
| #define HAVE_STDLIB_H 1
| #define HAVE_STRING_H 1
| #define HAVE_MEMORY_H 1
| #define HAVE_STRINGS_H 1
| #define HAVE_INTTYPES_H 1
| #define HAVE_STDINT_H 1
| #define HAVE_UNISTD_H 1
| #define HAVE_DLFCN_H 1
| #define LT_OBJDIR ".libs/"
| #define HAVE_ATEXIT 1
| #define HAVE_MPROTECT 1
| #define HAVE_SYSCONF 1
| #define HAVE_GETPAGESIZE 1
| #define HAVE_MMAP 1
| #define HAVE_ISATTY 1
| #define HAVE_UNISTD_H 1
| #define HAVE_SYS_MMAN_H 1
| /* end confdefs.h.  */
| 
|                     #include <pthread.h>
| int
| main ()
| {
| int i = PTHREAD_PRIO_INHERIT;
|   ;
|   return 0;
| }
configure:16650: result: no
configure:16792: checking for GLIB
configure:16800: $PKG_CONFIG --exists --print-errors "glib-2.0 >= 2.16"
configure:16803: $? = 0
configure:16818: $PKG_CONFIG --exists --print-errors "glib-2.0 >= 2.16"
configure:16821: $? = 0
configure:16857: result: yes
configure:16883: checking for GOBJECT
configure:16891: $PKG_CONFIG --exists --print-errors "gobject-2.0 glib-2.0 >= 2.16"
configure:16894: $? = 0
configure:16909: $PKG_CONFIG --exists --print-errors "gobject-2.0 glib-2.0 >= 2.16"
configure:16912: $? = 0
configure:16948: result: yes
configure:17001: checking for CAIRO
configure:17009: $PKG_CONFIG --exists --print-errors "cairo >= 1.8.0"
configure:17012: $? = 0
configure:17027: $PKG_CONFIG --exists --print-errors "cairo >= 1.8.0"
configure:17030: $? = 0
configure:17066: result: yes
configure:17092: checking for CAIRO_FT
configure:17100: $PKG_CONFIG --exists --print-errors "cairo-ft"
configure:17103: $? = 0
configure:17118: $PKG_CONFIG --exists --print-errors "cairo-ft"
configure:17121: $? = 0
configure:17157: result: yes
configure:17189: checking for ICU
configure:17197: $PKG_CONFIG --exists --print-errors "icu-uc"
configure:17200: $? = 0
configure:17215: $PKG_CONFIG --exists --print-errors "icu-uc"
configure:17218: $? = 0
configure:17254: result: yes
configure:17518: checking for FREETYPE
configure:17526: $PKG_CONFIG --exists --print-errors "freetype2 >= 2.3.8"
configure:17529: $? = 0
configure:17544: $PKG_CONFIG --exists --print-errors "freetype2 >= 2.3.8"
configure:17547: $? = 0
configure:17583: result: yes
configure:17601: checking for FT_Face_GetCharVariantIndex
configure:17601: gcc -o conftest.exe -g -O2 -I/usr/include/freetype2     -Bsymbolic-functions conftest.c  -lfreetype -lz -lbz2   >&5
configure:17601: $? = 0
configure:17601: result: yes
configure:17708: checking for Intel atomic primitives
configure:17731: gcc -o conftest.exe -g -O2   -Bsymbolic-functions conftest.c  >&5
configure:17731: $? = 0
configure:17739: result: true
configure:17748: checking for Solaris atomic operations
configure:17773: gcc -o conftest.exe -g -O2   -Bsymbolic-functions conftest.c  >&5
conftest.c:40:22: fatal error: atomic.h: No such file or directory
compilation terminated.
configure:17773: $? = 1
configure: failed program was:
| /* confdefs.h */
| #define PACKAGE_NAME "HarfBuzz"
| #define PACKAGE_TARNAME "harfbuzz"
| #define PACKAGE_VERSION "0.9.19"
| #define PACKAGE_STRING "HarfBuzz 0.9.19"
| #define PACKAGE_BUGREPORT "http://bugs.freedesktop.org/enter_bug.cgi?product=harfbuzz"
| #define PACKAGE_URL "http://harfbuzz.org/"
| #define STDC_HEADERS 1
| #define HAVE_SYS_TYPES_H 1
| #define HAVE_SYS_STAT_H 1
| #define HAVE_STDLIB_H 1
| #define HAVE_STRING_H 1
| #define HAVE_MEMORY_H 1
| #define HAVE_STRINGS_H 1
| #define HAVE_INTTYPES_H 1
| #define HAVE_STDINT_H 1
| #define HAVE_UNISTD_H 1
| #define HAVE_DLFCN_H 1
| #define LT_OBJDIR ".libs/"
| #define HAVE_ATEXIT 1
| #define HAVE_MPROTECT 1
| #define HAVE_SYSCONF 1
| #define HAVE_GETPAGESIZE 1
| #define HAVE_MMAP 1
| #define HAVE_ISATTY 1
| #define HAVE_UNISTD_H 1
| #define HAVE_SYS_MMAN_H 1
| #define HAVE_PTHREAD 1
| #define HAVE_OT 1
| #define HAVE_GLIB 1
| #define HAVE_GOBJECT 1
| #define HAVE_CAIRO 1
| #define HAVE_CAIRO_FT 1
| #define HAVE_ICU 1
| #define HAVE_FREETYPE 1
| #define HAVE_FT_FACE_GETCHARVARIANTINDEX 1
| #define HAVE_INTEL_ATOMIC_PRIMITIVES 1
| /* end confdefs.h.  */
| 
| 		#include <atomic.h>
| 		/* This requires Solaris Studio 12.2 or newer: */
| 		#include <mbarrier.h>
| 		void memory_barrier (void) { __machine_rw_barrier (); }
| 		int atomic_add (volatile unsigned *i) { return atomic_add_int_nv (i, 1); }
| 		void *atomic_ptr_cmpxchg (volatile void **target, void *cmp, void *newval) { return atomic_cas_ptr (target, cmp, newval); }
| 
| int
| main ()
| {
| 
|   ;
|   return 0;
| }
configure:17781: result: false
configure:17975: checking that generated files are newer than configure
configure:17981: result: done
configure:18076: creating ./config.status

## ---------------------- ##
## Running config.status. ##
## ---------------------- ##

This file was extended by HarfBuzz config.status 0.9.19, which was
generated by GNU Autoconf 2.68.  Invocation command line was

  CONFIG_FILES    = 
  CONFIG_HEADERS  = 
  CONFIG_LINKS    = 
  CONFIG_COMMANDS = 
  $ ./config.status 

on DO-YKAHN03

config.status:1265: creating Makefile
config.status:1265: creating src/Makefile
config.status:1265: creating src/hb-version.h
config.status:1265: creating src/hb-icu-le/Makefile
config.status:1265: creating src/hb-old/Makefile
config.status:1265: creating src/hb-ucdn/Makefile
config.status:1265: creating util/Makefile
config.status:1265: creating test/Makefile
config.status:1265: creating test/api/Makefile
config.status:1265: creating test/shaping/Makefile
config.status:1265: creating config.h
config.status:1494: executing depfiles commands
config.status:1494: executing libtool commands
configure:20618:

Build configuration:

Unicode callbacks (you want at least one):
	Glib:			true
	ICU:			true
	UCDN:			false

Font callbacks (the more the better):
	FreeType:		true

Tools used for command-line utilities:
	Cairo:			true

Additional shapers (the more the better):
	Graphite2:		false

Test / platform shapers (not normally needed):
	CoreText:		false
	ICU Layout Engine:	false
	Old HarfBuzz:		false
	Uniscribe:		false


## ---------------- ##
## Cache variables. ##
## ---------------- ##

ac_cv_build=i686-pc-cygwin
ac_cv_c_compiler_gnu=yes
ac_cv_cxx_compiler_gnu=yes
ac_cv_env_CAIRO_CFLAGS_set=
ac_cv_env_CAIRO_CFLAGS_value=
ac_cv_env_CAIRO_FT_CFLAGS_set=
ac_cv_env_CAIRO_FT_CFLAGS_value=
ac_cv_env_CAIRO_FT_LIBS_set=
ac_cv_env_CAIRO_FT_LIBS_value=
ac_cv_env_CAIRO_LIBS_set=
ac_cv_env_CAIRO_LIBS_value=
ac_cv_env_CCC_set=
ac_cv_env_CCC_value=
ac_cv_env_CC_set=
ac_cv_env_CC_value=
ac_cv_env_CFLAGS_set=
ac_cv_env_CFLAGS_value=
ac_cv_env_CPPFLAGS_set=
ac_cv_env_CPPFLAGS_value=
ac_cv_env_CPP_set=
ac_cv_env_CPP_value=
ac_cv_env_CXXCPP_set=
ac_cv_env_CXXCPP_value=
ac_cv_env_CXXFLAGS_set=
ac_cv_env_CXXFLAGS_value=
ac_cv_env_CXX_set=
ac_cv_env_CXX_value=
ac_cv_env_FREETYPE_CFLAGS_set=
ac_cv_env_FREETYPE_CFLAGS_value=
ac_cv_env_FREETYPE_LIBS_set=
ac_cv_env_FREETYPE_LIBS_value=
ac_cv_env_GLIB_CFLAGS_set=
ac_cv_env_GLIB_CFLAGS_value=
ac_cv_env_GLIB_LIBS_set=
ac_cv_env_GLIB_LIBS_value=
ac_cv_env_GOBJECT_CFLAGS_set=
ac_cv_env_GOBJECT_CFLAGS_value=
ac_cv_env_GOBJECT_LIBS_set=
ac_cv_env_GOBJECT_LIBS_value=
ac_cv_env_GRAPHITE2_CFLAGS_set=
ac_cv_env_GRAPHITE2_CFLAGS_value=
ac_cv_env_GRAPHITE2_LIBS_set=
ac_cv_env_GRAPHITE2_LIBS_value=
ac_cv_env_ICU_CFLAGS_set=
ac_cv_env_ICU_CFLAGS_value=
ac_cv_env_ICU_LIBS_set=
ac_cv_env_ICU_LIBS_value=
ac_cv_env_LDFLAGS_set=
ac_cv_env_LDFLAGS_value=
ac_cv_env_LIBS_set=
ac_cv_env_LIBS_value=
ac_cv_env_PKG_CONFIG_set=
ac_cv_env_PKG_CONFIG_value=
ac_cv_env_build_alias_set=
ac_cv_env_build_alias_value=
ac_cv_env_host_alias_set=
ac_cv_env_host_alias_value=
ac_cv_env_target_alias_set=
ac_cv_env_target_alias_value=
ac_cv_exeext=.exe
ac_cv_func_FT_Face_GetCharVariantIndex=yes
ac_cv_func_atexit=yes
ac_cv_func_getpagesize=yes
ac_cv_func_isatty=yes
ac_cv_func_mmap=yes
ac_cv_func_mprotect=yes
ac_cv_func_sysconf=yes
ac_cv_header_dlfcn_h=yes
ac_cv_header_inttypes_h=yes
ac_cv_header_memory_h=yes
ac_cv_header_stdc=yes
ac_cv_header_stdint_h=yes
ac_cv_header_stdlib_h=yes
ac_cv_header_string_h=yes
ac_cv_header_strings_h=yes
ac_cv_header_sys_mman_h=yes
ac_cv_header_sys_stat_h=yes
ac_cv_header_sys_types_h=yes
ac_cv_header_unistd_h=yes
ac_cv_host=i686-pc-cygwin
ac_cv_objext=o
ac_cv_path_EGREP='/usr/bin/grep -E'
ac_cv_path_FGREP='/usr/bin/grep -F'
ac_cv_path_GREP=/usr/bin/grep
ac_cv_path_SED=/usr/bin/sed
ac_cv_path_ac_pt_PKG_CONFIG=/usr/bin/pkg-config
ac_cv_path_install='/usr/bin/install -c'
ac_cv_path_mkdir=/usr/bin/mkdir
ac_cv_prog_AWK=gawk
ac_cv_prog_CPP='gcc -E'
ac_cv_prog_CXXCPP='g++ -E'
ac_cv_prog_ac_ct_AR=ar
ac_cv_prog_ac_ct_CC=gcc
ac_cv_prog_ac_ct_CXX=g++
ac_cv_prog_ac_ct_DLLTOOL=dlltool
ac_cv_prog_ac_ct_OBJDUMP=objdump
ac_cv_prog_ac_ct_RANLIB=ranlib
ac_cv_prog_ac_ct_STRIP=strip
ac_cv_prog_cc_c89=
ac_cv_prog_cc_g=yes
ac_cv_prog_cc_gcc_c_o=yes
ac_cv_prog_cxx_g=yes
ac_cv_prog_make_make_set=yes
am_cv_CC_dependencies_compiler_type=gcc3
am_cv_CXX_dependencies_compiler_type=gcc3
am_cv_ar_interface=ar
am_cv_make_support_nested_variables=yes
ax_cv_PTHREAD_PRIO_INHERIT=no
hb_cv_have_intel_atomic_primitives=true
hb_cv_have_solaris_atomic_ops=false
lt_cv_ar_at_file=@
lt_cv_archive_cmds_need_lc=yes
lt_cv_deplibs_check_method='file_magic ^x86 archive import|^x86 DLL'
lt_cv_file_magic_cmd=func_win32_libid
lt_cv_file_magic_test_file=
lt_cv_ld_reload_flag=-r
lt_cv_nm_interface='BSD nm'
lt_cv_objdir=.libs
lt_cv_path_LD=/usr/i686-pc-cygwin/bin/ld.exe
lt_cv_path_LDCXX=/usr/i686-pc-cygwin/bin/ld.exe
lt_cv_path_NM='/usr/bin/nm -B'
lt_cv_path_mainfest_tool=no
lt_cv_prog_compiler_c_o=yes
lt_cv_prog_compiler_c_o_CXX=yes
lt_cv_prog_compiler_pic='-DDLL_EXPORT -DPIC'
lt_cv_prog_compiler_pic_CXX='-DDLL_EXPORT -DPIC'
lt_cv_prog_compiler_pic_works=yes
lt_cv_prog_compiler_pic_works_CXX=yes
lt_cv_prog_compiler_rtti_exceptions=no
lt_cv_prog_compiler_static_works=yes
lt_cv_prog_compiler_static_works_CXX=yes
lt_cv_prog_gnu_ld=yes
lt_cv_prog_gnu_ldcxx=yes
lt_cv_sharedlib_from_linklib_cmd=func_cygming_dll_for_implib
lt_cv_sys_global_symbol_pipe='sed -n -e '\''s/^.*[	 ]\([ABCDGIRSTW][ABCDGIRSTW]*\)[	 ][	 ]*_\([_A-Za-z][_A-Za-z0-9]*\)$/\1 _\2 \2/p'\'' | sed '\''/ __gnu_lto/d'\'''
lt_cv_sys_global_symbol_to_c_name_address='sed -n -e '\''s/^: \([^ ]*\)[ ]*$/  {\"\1\", (void *) 0},/p'\'' -e '\''s/^[ABCDGIRSTW]* \([^ ]*\) \([^ ]*\)$/  {"\2", (void *) \&\2},/p'\'''
lt_cv_sys_global_symbol_to_c_name_address_lib_prefix='sed -n -e '\''s/^: \([^ ]*\)[ ]*$/  {\"\1\", (void *) 0},/p'\'' -e '\''s/^[ABCDGIRSTW]* \([^ ]*\) \(lib[^ ]*\)$/  {"\2", (void *) \&\2},/p'\'' -e '\''s/^[ABCDGIRSTW]* \([^ ]*\) \([^ ]*\)$/  {"lib\2", (void *) \&\2},/p'\'''
lt_cv_sys_global_symbol_to_cdecl='sed -n -e '\''s/^T .* \(.*\)$/extern int \1();/p'\'' -e '\''s/^[ABCDGIRSTW]* .* \(.*\)$/extern char \1;/p'\'''
lt_cv_sys_max_cmd_len=8192
lt_cv_to_host_file_cmd=func_convert_file_noop
lt_cv_to_tool_file_cmd=func_convert_file_noop
pkg_cv_CAIRO_CFLAGS='-I/usr/include/cairo -I/usr/include/glib-2.0 -I/usr/lib/glib-2.0/include -I/usr/include/pixman-1 -I/usr/include/freetype2 -I/usr/include/libpng15  '
pkg_cv_CAIRO_FT_CFLAGS='-I/usr/include/cairo -I/usr/include/freetype2 -I/usr/include/glib-2.0 -I/usr/lib/glib-2.0/include -I/usr/include/pixman-1 -I/usr/include/libpng15  '
pkg_cv_CAIRO_FT_LIBS='-lcairo -lgobject-2.0 -lffi -lpixman-1 -lfontconfig -lexpat -lfreetype -lbz2 -lpng15 -lm -lz -lxcb-shm -lxcb-render -lXrender -lXext -lglib-2.0 -lintl -liconv -lpcre -lX11 -lxcb -lXau -lXdmcp  '
pkg_cv_CAIRO_LIBS='-lcairo -lgobject-2.0 -lffi -lpixman-1 -lfontconfig -lexpat -lfreetype -lbz2 -lpng15 -lm -lz -lxcb-shm -lxcb-render -lXrender -lXext -lglib-2.0 -lintl -liconv -lpcre -lX11 -lxcb -lXau -lXdmcp  '
pkg_cv_FREETYPE_CFLAGS='-I/usr/include/freetype2  '
pkg_cv_FREETYPE_LIBS='-lfreetype -lz -lbz2  '
pkg_cv_GLIB_CFLAGS='-I/usr/include/glib-2.0 -I/usr/lib/glib-2.0/include  '
pkg_cv_GLIB_LIBS='-lglib-2.0 -lintl -liconv -lpcre  '
pkg_cv_GOBJECT_CFLAGS='-I/usr/include/glib-2.0 -I/usr/lib/glib-2.0/include  '
pkg_cv_GOBJECT_LIBS='-lgobject-2.0 -lffi -lglib-2.0 -lintl -liconv -lpcre  '
pkg_cv_ICU_CFLAGS=' '
pkg_cv_ICU_LIBS='-licuuc -licudata -lpthread -lm  '

## ----------------- ##
## Output variables. ##
## ----------------- ##

ACLOCAL='${SHELL} /cygdrive/c/Users/ykahn/Desktop/harfbuzz-0.9.19/harfbuzz-0.9.19/missing --run aclocal-1.12'
AMDEPBACKSLASH='\'
AMDEP_FALSE='#'
AMDEP_TRUE=''
AMTAR='$${TAR-tar}'
AM_BACKSLASH='\'
AM_DEFAULT_V='$(AM_DEFAULT_VERBOSITY)'
AM_DEFAULT_VERBOSITY='0'
AM_V='$(V)'
AR='ar'
AUTOCONF='${SHELL} /cygdrive/c/Users/ykahn/Desktop/harfbuzz-0.9.19/harfbuzz-0.9.19/missing --run autoconf'
AUTOHEADER='${SHELL} /cygdrive/c/Users/ykahn/Desktop/harfbuzz-0.9.19/harfbuzz-0.9.19/missing --run autoheader'
AUTOMAKE='${SHELL} /cygdrive/c/Users/ykahn/Desktop/harfbuzz-0.9.19/harfbuzz-0.9.19/missing --run automake-1.12'
AWK='gawk'
CAIRO_CFLAGS='-I/usr/include/cairo -I/usr/include/glib-2.0 -I/usr/lib/glib-2.0/include -I/usr/include/pixman-1 -I/usr/include/freetype2 -I/usr/include/libpng15  '
CAIRO_FT_CFLAGS='-I/usr/include/cairo -I/usr/include/freetype2 -I/usr/include/glib-2.0 -I/usr/lib/glib-2.0/include -I/usr/include/pixman-1 -I/usr/include/libpng15  '
CAIRO_FT_LIBS='-lcairo -lgobject-2.0 -lffi -lpixman-1 -lfontconfig -lexpat -lfreetype -lbz2 -lpng15 -lm -lz -lxcb-shm -lxcb-render -lXrender -lXext -lglib-2.0 -lintl -liconv -lpcre -lX11 -lxcb -lXau -lXdmcp  '
CAIRO_LIBS='-lcairo -lgobject-2.0 -lffi -lpixman-1 -lfontconfig -lexpat -lfreetype -lbz2 -lpng15 -lm -lz -lxcb-shm -lxcb-render -lXrender -lXext -lglib-2.0 -lintl -liconv -lpcre -lX11 -lxcb -lXau -lXdmcp  '
CC='gcc'
CCDEPMODE='depmode=gcc3'
CFLAGS='-g -O2'
CORETEXT_CFLAGS=''
CORETEXT_LIBS=''
CPP='gcc -E'
CPPFLAGS=''
CXX='g++'
CXXCPP='g++ -E'
CXXDEPMODE='depmode=gcc3'
CXXFLAGS='-g -O2 -fno-rtti -fno-exceptions -Wcast-align -fvisibility-inlines-hidden '
CYGPATH_W='cygpath -w'
DEFS='-DHAVE_CONFIG_H'
DEPDIR='.deps'
DLLTOOL='dlltool'
DSYMUTIL=''
DUMPBIN=''
ECHO_C=''
ECHO_N='-n'
ECHO_T=''
EGREP='/usr/bin/grep -E'
EXEEXT='.exe'
FGREP='/usr/bin/grep -F'
FREETYPE_CFLAGS='-I/usr/include/freetype2  '
FREETYPE_LIBS='-lfreetype -lz -lbz2  '
GLIB_CFLAGS='-I/usr/include/glib-2.0 -I/usr/lib/glib-2.0/include  '
GLIB_LIBS='-lglib-2.0 -lintl -liconv -lpcre  '
GLIB_MKENUMS='glib-mkenums'
GOBJECT_CFLAGS='-I/usr/include/glib-2.0 -I/usr/lib/glib-2.0/include  '
GOBJECT_LIBS='-lgobject-2.0 -lffi -lglib-2.0 -lintl -liconv -lpcre  '
GRAPHITE2_CFLAGS=''
GRAPHITE2_LIBS=''
GREP='/usr/bin/grep'
HAVE_CAIRO_FALSE='#'
HAVE_CAIRO_FT_FALSE='#'
HAVE_CAIRO_FT_TRUE=''
HAVE_CAIRO_TRUE=''
HAVE_CORETEXT_FALSE=''
HAVE_CORETEXT_TRUE='#'
HAVE_FREETYPE_FALSE='#'
HAVE_FREETYPE_TRUE=''
HAVE_GCC_FALSE='#'
HAVE_GCC_TRUE=''
HAVE_GLIB_FALSE='#'
HAVE_GLIB_TRUE=''
HAVE_GOBJECT_FALSE='#'
HAVE_GOBJECT_TRUE=''
HAVE_GRAPHITE2_FALSE=''
HAVE_GRAPHITE2_TRUE='#'
HAVE_HB_OLD_FALSE=''
HAVE_HB_OLD_TRUE='#'
HAVE_ICU_FALSE='#'
HAVE_ICU_LE_FALSE=''
HAVE_ICU_LE_TRUE='#'
HAVE_ICU_TRUE=''
HAVE_OT_FALSE='#'
HAVE_OT_TRUE=''
HAVE_PTHREAD_FALSE='#'
HAVE_PTHREAD_TRUE=''
HAVE_UCDN_FALSE=''
HAVE_UCDN_TRUE='#'
HAVE_UNISCRIBE_FALSE=''
HAVE_UNISCRIBE_TRUE='#'
HB_LIBTOOL_VERSION_INFO='919:0:919'
HB_VERSION='0.9.19'
HB_VERSION_MAJOR='0'
HB_VERSION_MICRO='19'
HB_VERSION_MINOR='9'
ICU_CFLAGS=' '
ICU_CONFIG=''
ICU_LIBS='-licuuc -licudata -lpthread -lm  '
INSTALL_DATA='${INSTALL} -m 644'
INSTALL_PROGRAM='${INSTALL}'
INSTALL_SCRIPT='${INSTALL}'
INSTALL_STRIP_PROGRAM='$(install_sh) -c -s'
LD='/usr/i686-pc-cygwin/bin/ld.exe'
LDFLAGS=' -Bsymbolic-functions'
LIBOBJS=''
LIBS=''
LIBTOOL='$(SHELL) $(top_builddir)/libtool'
LIPO=''
LN_S='ln -s'
LTLIBOBJS=''
MAKEINFO='${SHELL} /cygdrive/c/Users/ykahn/Desktop/harfbuzz-0.9.19/harfbuzz-0.9.19/missing --run makeinfo'
MANIFEST_TOOL=':'
MKDIR_P='/usr/bin/mkdir -p'
NM='/usr/bin/nm -B'
NMEDIT=''
OBJDUMP='objdump'
OBJEXT='o'
OS_WIN32_FALSE=''
OS_WIN32_TRUE='#'
OTOOL64=''
OTOOL=''
PACKAGE='harfbuzz'
PACKAGE_BUGREPORT='http://bugs.freedesktop.org/enter_bug.cgi?product=harfbuzz'
PACKAGE_NAME='HarfBuzz'
PACKAGE_STRING='HarfBuzz 0.9.19'
PACKAGE_TARNAME='harfbuzz'
PACKAGE_URL='http://harfbuzz.org/'
PACKAGE_VERSION='0.9.19'
PATH_SEPARATOR=':'
PKG_CONFIG='/usr/bin/pkg-config'
PTHREAD_CC='gcc'
PTHREAD_CFLAGS=''
PTHREAD_LIBS=''
RANLIB='ranlib'
SED='/usr/bin/sed'
SET_MAKE=''
SHELL='/bin/sh'
STRIP='strip'
UNISCRIBE_CFLAGS=''
UNISCRIBE_LIBS=''
VERSION='0.9.19'
ac_ct_AR='ar'
ac_ct_CC='gcc'
ac_ct_CXX='g++'
ac_ct_DUMPBIN=''
am__EXEEXT_FALSE='#'
am__EXEEXT_TRUE=''
am__fastdepCC_FALSE='#'
am__fastdepCC_TRUE=''
am__fastdepCXX_FALSE='#'
am__fastdepCXX_TRUE=''
am__include='include'
am__isrc=''
am__leading_dot='.'
am__nodep='_no'
am__quote=''
am__tar='$${TAR-tar} chof - "$$tardir"'
am__untar='$${TAR-tar} xf -'
ax_pthread_config=''
bindir='${exec_prefix}/bin'
build='i686-pc-cygwin'
build_alias=''
build_cpu='i686'
build_os='cygwin'
build_vendor='pc'
datadir='${datarootdir}'
datarootdir='${prefix}/share'
docdir='${datarootdir}/doc/${PACKAGE_TARNAME}'
dvidir='${docdir}'
exec_prefix='${prefix}'
host='i686-pc-cygwin'
host_alias=''
host_cpu='i686'
host_os='cygwin'
host_vendor='pc'
htmldir='${docdir}'
includedir='${prefix}/include'
infodir='${datarootdir}/info'
install_sh='${SHELL} /cygdrive/c/Users/ykahn/Desktop/harfbuzz-0.9.19/harfbuzz-0.9.19/install-sh'
libdir='${exec_prefix}/lib'
libexecdir='${exec_prefix}/libexec'
localedir='${datarootdir}/locale'
localstatedir='${prefix}/var'
mandir='${datarootdir}/man'
mkdir_p='$(MKDIR_P)'
oldincludedir='/usr/include'
pdfdir='${docdir}'
prefix='/usr/local'
program_transform_name='s,x,x,'
psdir='${docdir}'
sbindir='${exec_prefix}/sbin'
sharedstatedir='${prefix}/com'
sysconfdir='${prefix}/etc'
target_alias=''

## ----------- ##
## confdefs.h. ##
## ----------- ##

/* confdefs.h */
#define PACKAGE_NAME "HarfBuzz"
#define PACKAGE_TARNAME "harfbuzz"
#define PACKAGE_VERSION "0.9.19"
#define PACKAGE_STRING "HarfBuzz 0.9.19"
#define PACKAGE_BUGREPORT "http://bugs.freedesktop.org/enter_bug.cgi?product=harfbuzz"
#define PACKAGE_URL "http://harfbuzz.org/"
#define STDC_HEADERS 1
#define HAVE_SYS_TYPES_H 1
#define HAVE_SYS_STAT_H 1
#define HAVE_STDLIB_H 1
#define HAVE_STRING_H 1
#define HAVE_MEMORY_H 1
#define HAVE_STRINGS_H 1
#define HAVE_INTTYPES_H 1
#define HAVE_STDINT_H 1
#define HAVE_UNISTD_H 1
#define HAVE_DLFCN_H 1
#define LT_OBJDIR ".libs/"
#define HAVE_ATEXIT 1
#define HAVE_MPROTECT 1
#define HAVE_SYSCONF 1
#define HAVE_GETPAGESIZE 1
#define HAVE_MMAP 1
#define HAVE_ISATTY 1
#define HAVE_UNISTD_H 1
#define HAVE_SYS_MMAN_H 1
#define HAVE_PTHREAD 1
#define HAVE_OT 1
#define HAVE_GLIB 1
#define HAVE_GOBJECT 1
#define HAVE_CAIRO 1
#define HAVE_CAIRO_FT 1
#define HAVE_ICU 1
#define HAVE_FREETYPE 1
#define HAVE_FT_FACE_GETCHARVARIANTINDEX 1
#define HAVE_INTEL_ATOMIC_PRIMITIVES 1

configure: exit 0
